13 86 23
12 42 9
x
x
x
1 23 5
x
15 63 15
x
14 99 26
x
11 94 24
x
11 75 17
x
15 95 25
x
5 61 13
x
x
10 45 10
x
x
x
4 58 13
10 94 29
3 99 21
x
5 30 5
x
10 96 24
13 39 9
9 99 26
11 81 19
x
11 51 11
x
x
x
x
15 73 19
14 3 0
x
13 72 19
13 47 29
9 75 17
14 21 4
x
1 81 19
6 58 12
10 10 2
x
2 70 18
x
4 82 19
x
12 28 6
11 33 5
1 47 29
x
x
x
x
x
2 54 13
14 50 11
9 20 8
x
7 95 23
2 59 16
7 72 16
x
11 72 16
6 82 18
6 92 21
x
14 73 19
12 40 29
9 92 23
8 66 14
9 62 16
4 67 15
3 95 20
7 93 22
x
x
10 14 8
4 87 21
x
x
1 49 11
3 63 32
3 42 9
5 20 3
6 74 32
6 97 22
7 78 18
x
4 98 24
1 28 6
12 82 22
x
x
x
x
8 38 7
7 86 20
x
x
x
2 42 10
x
x
13 5 1
x
x
x
11 43 9
x
1 5 1
14 8 1
12 96 26
10 72 15
15 9 1
x
12 71 18
12 94 32
2 65 15
10 40 6
8 55 18
x
x
x
3 92 22
3 50 16
13 33 7
5 43 29
8 70 29
x
3 53 12
11 92 23
5 79 19
13 88 24
x
7 25 5
2 27 6
7 68 15
x
x
4 10 2
x
2 78 19
x
14 38 7
x
1 75 17
x
x
4 64 14
13 67 17
x
1 10 2
x
15 57 13
1 79 18
1 32 7
x
x
14 44 9
x
10 83 19
x
4 92 22
x
x
x
8 29 5
x
11 38 6
6 18 3
5 25 4
x
3 31 6
15 41 9
11 14 8
8 51 11
x
12 19 4
11 58 13
x
x
9 97 25
x
4 33 6
x
9 80 19
x
6 23 4
13 14 3
9 66 14
x
14 17 3
7 42 9
5 49 10
2 81 20
x
x
6 66 14
x
x
x
x
2 92 23
x
x
11 79 18
13 70 18
14 54 12
x
15 5 7
x
2 31 7
11 10 2
x
x
15 37 8
8 87 20
4 94 23
5 34 6
x
15 77 20
x
12 10 2
5 89 20
x
x
15 18 3
x
2 10 2
x
12 92 25
14 25 17
14 77 20
7 15 3
5 15 2
2 45 12
15 51 12
9 29 5
3 89 19
2 74 17
2 5 1
15 82 29
x
7 64 14
3 65 33
x
6 70 15
6 13 2
x
2 85 21
9 52 11
6 34 6
10 58 11
x
4 85 20
10 92 23
6 76 16
4 41 12
12 77 20
x
x
x
15 86 22
x
13 10 2
12 86 24
x
x
x
12 63 15
5 58 12
3 56 31
x
3 81 17
x
3 36 29
1 44 10
x
x
x
13 53 15
x
13 18 4
11 97 25
4 74 17
x
12 84 23
7 30 6
1 70 15
2 90 22
x
x
12 60 14
x
8 34 6
9 59 13
3 10 2
3 38 7
8 42 9
10 65 13
3 5 1
x
10 37 20
2 99 25
x
14 13 2
5 76 17
x
10 87 21
x
4 5 1
1 36 8
8 19 3
x
12 50 11
1 15 3
x
13 49 11
x
11 90 22
x
14 67 16
5 10 1
6 79 17
x
9 43 9
2 35 8
6 49 10
x
9 78 18
15 22 4
14 94 25
13 28 6
x
7 20 4
x
8 76 16
x
14 33 6
8 97 32
7 56 12
9 94 24
x
10 99 25
13 65 16
12 37 8
x
10 68 14
10 29 5
1 62 13
15 90 23
15 32 6
x
13 91 25
7 75 17
x
1 40 9
10 34 18
x
x
15 84 21
x
x
13 62 14
6 8 1
10 76 16
8 58 12
12 57 13
x
2 49 11
4 45 7
7 5 1
10 53 9
6 90 20
x
x
2 15 3
7 10 2
x
1 19 4
9 56 12
15 97 26
15 65 16
x
14 64 14
13 82 22
12 90 31
12 73 19
3 84 18
2 96 24
x
x
14 85 22
9 85 21
13 59 13
7 99 24
3 76 15
x
8 99 23
3 15 8
1 59 16
x
14 59 13
x
15 47 11
3 67 13
2 38 9
1 93 22
5 39 7
6 38 7
9 15 3
10 18 3
14 96 28
10 62 12
x
1 95 23
x
12 23 5
8 9 1
15 69 17
11 48 10
8 72 15
2 72 29
6 6 29
8 14 2
5 5 0
3 58 11
x
8 79 17
7 35 7
3 46 10
x
x
13 22 5
5 69 15
x
6 61 13
x
7 59 13
x
4 77 18
x
15 14 2
11 55 12
x
x
4 24 8
x
x
1 88 21
7 47 10
4 53 11
x
6 32 31
1 67 14
4 49 9
x
x
x
x
x
x
11 99 26
5 84 18
x
x
x
1 84 20
x
x
12 54 12
12 47 10
x
6 42 8
x
14 28 5
7 39 8
x
2 62 14
13 36 8
x
x
5 98 22
11 87 21
15 26 5
15 60 14
x
11 18 3
9 34 6
x
x
6 87 19
x
9 70 15
9 88 29
5 82 31
x
2 23 5
x
12 79 21
x
3 27 5
9 10 2
8 24 4
14 89 23
8 89 22
x
5 53 11
5 45 9
9 5 1
10 5 1
9 38 7
11 65 29
8 61 13
x
x
8 82 31
7 83 19
x
x
x
x
4 29 5
x
x
10 49 7
9 90 22
10 79 17
14 71 18
x
10 90 22
3 73 14
x
x
x
x
x
6 99 23
9 83 20
4 37 10
5 93 21
13 93 26
14 62 29
9 24 4
13 56 12
x
x
10 24 4
x
5 91 32
1 99 24
8 84 19
x
x
x
14 41 8
11 85 20
11 5 1
x
x
11 23 7
x
13 44 10
1 55 12
11 28 4
6 45 9
12 14 3
x
14 91 24
x
15 92 24
x
7 88 21
12 5 1
8 47 10
12 65 16
3 19 3
14 47 10
11 68 15
x
x
6 53 11
9 48 10
x
12 68 17
x
x
13 79 21
15 44 10
x
x
13 76 20
4 15 3
7 51 11
x
4 72 16
11 61 14
8 5 8
x
2 19 4
3 23 4
12 33 7
5 66 14
14 82 21
x
5 74 16
x
x
8 92 21
4 19 4
13 98 27
15 71 18
x
x
6 28 5
